19:20:36.050 INFO  Socket server started 
19:27:18.101 INFO  Client connected: [LAqK3QEk7wlAJzVvAAAA] 
19:27:20.946 INFO  Client connected: [x-sbGxDzLkhFRDoBAAAB] 
19:27:22.001 INFO  Client connected: [EjWtSrqgPOlXAUcqAAAC] 
19:27:24.636 INFO  Client connected: [ktzTADraMYUph1gIAAAD] 
19:27:26.097 INFO  Client connected: [uhQur-9P4drQUc4DAAAE] 
19:27:27.393 INFO  Client connected: [6AkeA95ctoOQxBmNAAAF] 
19:27:28.857 INFO  Client disconnected: [undefined] [6AkeA95ctoOQxBmNAAAF] 
19:28:28.720 INFO  Client disconnected: [undefined] [x-sbGxDzLkhFRDoBAAAB] 
19:28:28.975 INFO  Client disconnected: [undefined] [EjWtSrqgPOlXAUcqAAAC] 
19:28:29.191 INFO  Client disconnected: [undefined] [uhQur-9P4drQUc4DAAAE] 
19:28:29.419 INFO  Client disconnected: [undefined] [ktzTADraMYUph1gIAAAD] 
19:28:30.357 INFO  Client disconnected: [undefined] [LAqK3QEk7wlAJzVvAAAA] 
19:28:30.935 INFO  Client connected: [wsD4E9O5TKXIu02KAAAG] 
19:28:39.074 INFO  Socket server started 
19:28:41.115 INFO  Client connected: [KMicD-zZYaOAntzuAAAA] 
19:29:01.290 INFO  Client connected: [y36gDOvnXj8gWZsWAAAB] 
19:29:02.299 INFO  Client connected: [9qePjSwZgvpCQZUqAAAC] 
19:29:02.727 INFO  Client connected: [CE__qhqXV-FYZBv5AAAD] 
19:29:16.252 INFO  Client connected: [RfYIdwdcS6BFmZ2sAAAE] 
19:29:27.295 INFO  Game started: [1] 
19:29:39.847 INFO  Game finished: [1] [5] 
19:29:53.945 INFO  Game started: [1] 
19:30:05.872 INFO  Game finished: [1] [5] 
19:30:19.853 INFO  Game started: [1] 
19:30:47.562 INFO  Client disconnected: [1] [y36gDOvnXj8gWZsWAAAB] 
19:30:47.830 INFO  Client disconnected: [1] [9qePjSwZgvpCQZUqAAAC] 
19:30:48.060 INFO  Client disconnected: [1] [CE__qhqXV-FYZBv5AAAD] 
19:30:48.459 INFO  Client disconnected: [1] [RfYIdwdcS6BFmZ2sAAAE] 
19:32:25.286 INFO  Client disconnected: [1] [KMicD-zZYaOAntzuAAAA] 
19:32:26.144 INFO  Client connected: [Dgwyf6oLQjxQrtTMAAAF] 
19:32:31.919 INFO  Client connected: [6DsFBThUrVTh7jlUAAAG] 
19:32:35.315 INFO  Client connected: [A4WOaiATFIQOg2s1AAAH] 
19:32:38.147 INFO  Client connected: [nUatcvm_UwUOPVdXAAAI] 
19:32:42.821 INFO  Client connected: [2VIoZcRnfncqUv8UAAAJ] 
19:32:52.739 INFO  Game started: [1] 
19:33:04.984 INFO  Game finished: [1] [5] 
19:33:14.455 INFO  Game started: [1] 
19:33:24.163 INFO  Game finished: [1] [5] 
19:35:23.739 INFO  Game started: [1] 
19:46:28.984 INFO  Socket server started 
19:46:29.378 INFO  Client connected: [B13lFk1L4xh1MLPiAAAA] 
19:46:30.177 INFO  Client connected: [lFP0letbe-vJ_BO0AAAB] 
19:46:30.180 INFO  Client connected: [oTyl4_NcZSYMbMUQAAAC] 
19:46:30.182 INFO  Client connected: [izmqCtBvJbvQ8h9lAAAD] 
19:46:30.186 INFO  Client connected: [hF5fcUWMc1K_z82LAAAE] 
19:46:45.636 INFO  Game started: [1] 
19:49:23.405 INFO  Socket server started 
19:49:23.893 INFO  Client connected: [PFXZDAaXeedZsrLWAAAA] 
19:49:24.182 INFO  Client connected: [z6wwlfTRpDw4_2N_AAAB] 
19:49:24.185 INFO  Client connected: [FkCMPiPIA7uXmo2dAAAC] 
19:49:24.187 INFO  Client connected: [Rsyv1WAujM85kWdjAAAD] 
19:49:24.202 INFO  Client connected: [FPaPfciIAEgQhVS2AAAE] 
19:49:42.003 INFO  Game started: [1] 
19:53:12.756 INFO  Socket server started 
19:53:12.920 INFO  Client connected: [jSK4HRI24U4Y7oYIAAAA] 
19:53:13.176 INFO  Client connected: [f2uZVDL0FMHPMBoGAAAB] 
19:53:14.178 INFO  Client connected: [vsWFlthXB8fXEMetAAAC] 
19:53:14.183 INFO  Client connected: [byJQIYWUwVpucey2AAAD] 
19:53:14.184 INFO  Client connected: [WFJJoUZQk8pcldgOAAAE] 
19:53:31.756 INFO  Game started: [1] 
19:54:30.527 INFO  Socket server started 
19:54:31.192 INFO  Client connected: [cQpXiyinSNhskQY4AAAA] 
19:54:31.197 INFO  Client connected: [rsLROoPpewG55epuAAAB] 
19:54:31.496 INFO  Client connected: [Vw1jfn1OZ1SC0DDlAAAC] 
19:54:32.192 INFO  Client connected: [fnsBEXoAnftBZ4QJAAAD] 
19:54:32.207 INFO  Client connected: [sgoArfhxeXvZ9ulrAAAE] 
19:54:48.691 INFO  Game started: [1] 
19:55:19.243 INFO  Socket server started 
19:55:20.190 INFO  Client connected: [Swqh8pdLJwI3JrmwAAAA] 
19:55:20.193 INFO  Client connected: [Bgry3jOxeAEmDrlBAAAB] 
19:55:20.196 INFO  Client connected: [7iekPVzeWug7wAtjAAAC] 
19:55:20.286 INFO  Client connected: [w6jdv54YxsTckLvyAAAD] 
19:55:21.195 INFO  Client connected: [EQkcxX-EW14gr6irAAAE] 
19:55:35.150 INFO  Game started: [1] 
19:57:08.695 INFO  Client disconnected: [1] [w6jdv54YxsTckLvyAAAD] 
19:57:09.237 INFO  Client disconnected: [1] [EQkcxX-EW14gr6irAAAE] 
19:57:09.247 INFO  Client disconnected: [1] [Bgry3jOxeAEmDrlBAAAB] 
19:57:09.324 INFO  Client disconnected: [1] [7iekPVzeWug7wAtjAAAC] 
19:57:09.344 INFO  Client disconnected: [1] [Swqh8pdLJwI3JrmwAAAA] 
19:57:09.977 INFO  Client connected: [Go2MXAVC7xIrtYAlAAAF] 
19:57:10.914 INFO  Client connected: [2ZMRXkK6rmsnHIrFAAAG] 
19:57:10.924 INFO  Client connected: [vZGRtw7mW17supevAAAH] 
19:57:11.140 INFO  Client connected: [GBIJEy9MphVqVoUKAAAI] 
19:57:11.418 INFO  Client connected: [5_7eOfsy5zEg7IvHAAAJ] 
20:01:51.818 INFO  Socket server started 
20:01:52.234 INFO  Client connected: [wB4JnumAq4iiPw15AAAA] 
20:01:52.240 INFO  Client connected: [DLuI_7ReeNvxyfn5AAAB] 
20:01:52.248 INFO  Client connected: [Rdam6X7vVP2WMGprAAAC] 
20:01:53.212 INFO  Client connected: [cuvdRZyf0zHsAZS2AAAD] 
20:01:53.253 INFO  Client connected: [gQFEt9LSCLsZx5zyAAAE] 
20:02:08.486 INFO  Game started: [1] 
20:02:25.794 INFO  Game finished: [1] [5] 
20:02:36.761 INFO  Game started: [1] 
20:03:16.736 INFO  Game finished: [1] [5] 
20:03:35.364 INFO  Game started: [1] 
20:04:09.337 INFO  Game finished: [1] [5] 
20:04:29.294 INFO  Game started: [1] 
20:06:04.359 INFO  Socket server started 
20:06:05.189 INFO  Client connected: [pw2SicZOCfqqsxmPAAAA] 
20:06:05.196 INFO  Client connected: [PWglZnaF9Znbm_8dAAAB] 
20:06:05.199 INFO  Client connected: [Wwr36mFtgsr1pnfrAAAC] 
20:06:05.484 INFO  Client connected: [VLhB59UhFMwWPbWGAAAD] 
20:06:06.198 INFO  Client connected: [RKWfIRaVgi-wdTOZAAAE] 
20:06:32.167 INFO  Client disconnected: [1] [Wwr36mFtgsr1pnfrAAAC] 
20:06:32.441 INFO  Client disconnected: [1] [pw2SicZOCfqqsxmPAAAA] 
20:06:32.709 INFO  Client disconnected: [1] [PWglZnaF9Znbm_8dAAAB] 
20:06:33.556 INFO  Client disconnected: [1] [RKWfIRaVgi-wdTOZAAAE] 
20:06:36.650 INFO  Client disconnected: [1] [VLhB59UhFMwWPbWGAAAD] 
20:06:39.745 INFO  Client connected: [o_Ua2ux6RCPm6jSDAAAF] 
20:06:40.987 INFO  Client connected: [V3Bie03ZfuexDJmWAAAG] 
20:06:42.086 INFO  Client connected: [e5Vwx_e_1mSJtP13AAAH] 
20:06:42.971 INFO  Client connected: [2tgw3w6g1Qygh-OpAAAI] 
20:06:43.697 INFO  Client connected: [OGhP-6GfKFjH1ZrHAAAJ] 
20:07:05.495 INFO  Game started: [1] 
20:07:15.065 INFO  Game finished: [1] [5] 
20:07:24.152 INFO  Game started: [1] 
20:09:53.126 INFO  Client disconnected: [1] [V3Bie03ZfuexDJmWAAAG] 
20:09:53.298 INFO  Client disconnected: [1] [OGhP-6GfKFjH1ZrHAAAJ] 
20:09:53.424 INFO  Client disconnected: [1] [e5Vwx_e_1mSJtP13AAAH] 
20:09:53.458 INFO  Client disconnected: [1] [2tgw3w6g1Qygh-OpAAAI] 
20:09:53.475 INFO  Client disconnected: [1] [o_Ua2ux6RCPm6jSDAAAF] 
20:09:55.133 INFO  Client connected: [Zcq1qYmgjbURzRvBAAAK] 
20:09:55.232 INFO  Client connected: [GS1vSKbHdsjh5Pc2AAAL] 
20:09:55.556 INFO  Client connected: [eya9h8U0HJtZPFyOAAAM] 
20:09:55.653 INFO  Client connected: [azqgjsD3so-EhM1yAAAN] 
20:09:55.886 INFO  Client connected: [N3bE2xCgtnW32DQ0AAAO] 
20:12:27.277 INFO  Client disconnected: [undefined] [Zcq1qYmgjbURzRvBAAAK] 
20:12:28.234 INFO  Client disconnected: [undefined] [GS1vSKbHdsjh5Pc2AAAL] 
20:12:28.282 INFO  Client disconnected: [undefined] [azqgjsD3so-EhM1yAAAN] 
20:12:28.291 INFO  Client disconnected: [undefined] [N3bE2xCgtnW32DQ0AAAO] 
20:12:28.304 INFO  Client disconnected: [undefined] [eya9h8U0HJtZPFyOAAAM] 
20:12:28.477 INFO  Client connected: [avb8p52GrjNIF-ysAAAP] 
20:12:29.910 INFO  Client connected: [_tUF20wuwMhh8tghAAAQ] 
20:12:30.218 INFO  Client connected: [yfMXauNhzxeFfA5cAAAR] 
20:12:30.236 INFO  Client connected: [GGlbWexdUiThiTBTAAAS] 
20:12:30.413 INFO  Client connected: [MS7lTbSZpBHOta0qAAAT] 
20:12:32.640 INFO  Client disconnected: [undefined] [GGlbWexdUiThiTBTAAAS] 
20:12:33.218 INFO  Client connected: [rFZxVOG9QhL13YDEAAAU] 
20:12:33.271 INFO  Client disconnected: [undefined] [avb8p52GrjNIF-ysAAAP] 
20:12:33.864 INFO  Client connected: [e69LVoncAdv0rWLMAAAV] 
20:12:33.972 INFO  Client disconnected: [undefined] [yfMXauNhzxeFfA5cAAAR] 
20:12:34.542 INFO  Client disconnected: [undefined] [_tUF20wuwMhh8tghAAAQ] 
20:12:34.828 INFO  Client connected: [fywVLDFkdr90xs8sAAAW] 
20:12:34.858 INFO  Client connected: [BcldBuizZd_tA55rAAAX] 
20:12:35.354 INFO  Client disconnected: [undefined] [MS7lTbSZpBHOta0qAAAT] 
20:12:35.670 INFO  Client connected: [Cu4_9Wh51mq8XPOYAAAY] 
20:12:57.243 INFO  Game started: [1] 
20:13:15.234 INFO  Game finished: [1] [5] 
20:13:28.322 INFO  Game started: [1] 
20:14:24.019 INFO  Client disconnected: [1] [rFZxVOG9QhL13YDEAAAU] 
20:14:24.219 INFO  Client disconnected: [1] [e69LVoncAdv0rWLMAAAV] 
20:14:24.239 INFO  Client disconnected: [1] [fywVLDFkdr90xs8sAAAW] 
20:14:24.334 INFO  Client disconnected: [1] [Cu4_9Wh51mq8XPOYAAAY] 
20:14:24.369 INFO  Client disconnected: [1] [BcldBuizZd_tA55rAAAX] 
20:14:25.939 INFO  Client connected: [SRmIW3SLmNNRXZBHAAAZ] 
20:14:25.946 INFO  Client connected: [BsJbfnXwPfDsQA4bAAAa] 
20:14:26.253 INFO  Client connected: [4ft_-eXHnEko1xyDAAAb] 
20:14:26.301 INFO  Client connected: [a5OS33bQGLOj0Mj1AAAc] 
20:14:26.327 INFO  Client connected: [B4uabdMW1GU-6VeOAAAd] 
20:14:44.891 INFO  Game started: [1] 
20:15:06.817 INFO  Game finished: [1] [5] 
20:15:21.552 INFO  Game started: [1] 
20:18:29.693 INFO  Client disconnected: [1] [SRmIW3SLmNNRXZBHAAAZ] 
20:18:30.247 INFO  Client disconnected: [1] [4ft_-eXHnEko1xyDAAAb] 
20:18:30.267 INFO  Client disconnected: [1] [BsJbfnXwPfDsQA4bAAAa] 
20:18:30.278 INFO  Client disconnected: [1] [B4uabdMW1GU-6VeOAAAd] 
20:18:30.296 INFO  Client disconnected: [1] [a5OS33bQGLOj0Mj1AAAc] 
20:18:31.996 INFO  Client connected: [NmErgO1W6_KJq9KtAAAe] 
20:18:32.162 INFO  Client connected: [c73NTSeOsd19EB-jAAAf] 
20:18:34.696 INFO  Client connected: [VzGurg3NiIlGPRvdAAAg] 
20:18:34.908 INFO  Client connected: [QOptDqkP9l-9Bd7kAAAh] 
20:18:35.009 INFO  Client connected: [Gqb6dedK3lmOoGG6AAAi] 
20:18:59.318 INFO  Game started: [1] 
20:19:07.068 INFO  Game finished: [1] [5] 
20:19:15.737 INFO  Game started: [1] 
20:19:35.581 INFO  Game finished: [1] [5] 
20:19:44.125 INFO  Game started: [1] 
20:19:54.370 INFO  Client disconnected: [1] [Gqb6dedK3lmOoGG6AAAi] 
20:19:54.683 INFO  Client disconnected: [1] [c73NTSeOsd19EB-jAAAf] 
20:19:55.026 INFO  Client disconnected: [1] [QOptDqkP9l-9Bd7kAAAh] 
20:19:55.207 INFO  Client disconnected: [1] [VzGurg3NiIlGPRvdAAAg] 
20:19:56.053 INFO  Client disconnected: [1] [NmErgO1W6_KJq9KtAAAe] 
